<?xml version="1.0" encoding="UTF-8"?>
<!-- Generated by org.testng.reporters.JUnitXMLReporter -->
<testsuite hostname="DESKTOP-B8SGIQ2" ignored="2" name="Default test" tests="1" failures="0" timestamp="10 Mar 2020 19:35:46 GMT" time="15.016" errors="0">
  <testcase name="TC1_Login" time="9.735" classname="TestNG.Annotations"/>
  <testcase name="TC2_NoPswd" time="0.0" classname="TestNG.Annotations">
    <ignored/>
  </testcase> <!-- TC2_NoPswd -->
  <testcase name="TC03_CheckRememberMe" time="0.0" classname="TestNG.Annotations">
    <ignored/>
  </testcase> <!-- TC03_CheckRememberMe -->
</testsuite> <!-- Default test -->
