<?xml version="1.0" encoding="UTF-8"?>
<testng-results skipped="0" failed="0" ignored="2" total="3" passed="1">
  <reporter-output>
  </reporter-output>
  <suite name="Default suite" duration-ms="15016" started-at="2020-03-10T19:35:31Z" finished-at="2020-03-10T19:35:46Z">
    <groups>
    </groups>
    <test name="Default test" duration-ms="15016" started-at="2020-03-10T19:35:31Z" finished-at="2020-03-10T19:35:46Z">
      <class name="TestNG.Annotations">
        <test-method status="PASS" signature="SetUpExtentReport()[pri:0, instance:TestNG.Annotations@27efef64]" name="SetUpExtentReport" is-config="true" duration-ms="102" started-at="2020-03-10T19:35:31Z" finished-at="2020-03-10T19:35:31Z">
          <reporter-output>
          </reporter-output>
        </test-method> <!-- SetUpExtentReport -->
        <test-method status="PASS" signature="SetupDriverAndUrl()[pri:0, instance:TestNG.Annotations@27efef64]" name="SetupDriverAndUrl" is-config="true" duration-ms="4417" started-at="2020-03-10T19:35:31Z" finished-at="2020-03-10T19:35:36Z">
          <reporter-output>
          </reporter-output>
        </test-method> <!-- SetupDriverAndUrl -->
        <test-method status="PASS" signature="TC1_Login()[pri:0, instance:TestNG.Annotations@27efef64]" name="TC1_Login" duration-ms="9735" started-at="2020-03-10T19:35:36Z" finished-at="2020-03-10T19:35:45Z">
          <reporter-output>
          </reporter-output>
        </test-method> <!-- TC1_Login -->
        <test-method status="PASS" signature="TeardownDriverAndUrl()[pri:0, instance:TestNG.Annotations@27efef64]" name="TeardownDriverAndUrl" is-config="true" duration-ms="3" started-at="2020-03-10T19:35:45Z" finished-at="2020-03-10T19:35:45Z">
          <reporter-output>
          </reporter-output>
        </test-method> <!-- TeardownDriverAndUrl -->
        <test-method status="PASS" signature="TeardownExtentReport()[pri:0, instance:TestNG.Annotations@27efef64]" name="TeardownExtentReport" is-config="true" duration-ms="743" started-at="2020-03-10T19:35:45Z" finished-at="2020-03-10T19:35:46Z">
          <reporter-output>
          </reporter-output>
        </test-method> <!-- TeardownExtentReport -->
      </class> <!-- TestNG.Annotations -->
    </test> <!-- Default test -->
  </suite> <!-- Default suite -->
</testng-results>
